<?xml version="1.0" encoding="UTF-8"?>
<!-- Generated by org.testng.reporters.JUnitXMLReporter -->
<testsuite hostname="DESKTOP-R51096T" ignored="0" name="Default test" tests="11" failures="0" timestamp="2023-05-22T19:40:08 IST" time="38.953" errors="0">
  <testcase name="browserlaunch" time="3.988" classname="org.newproject.mavenpro.Nykaa_ownproject"/>
  <testcase name="Homepage" time="0.971" classname="org.newproject.mavenpro.Nykaa_ownproject"/>
  <testcase name="selectproduct" time="0.794" classname="org.newproject.mavenpro.Nykaa_ownproject"/>
  <testcase name="pincode" time="1.57" classname="org.newproject.mavenpro.Nykaa_ownproject"/>
  <testcase name="addToCart" time="0.09" classname="org.newproject.mavenpro.Nykaa_ownproject"/>
  <testcase name="cartpage" time="3.134" classname="org.newproject.mavenpro.Nykaa_ownproject"/>
  <testcase name="login" time="2.188" classname="org.newproject.mavenpro.Nykaa_ownproject"/>
  <testcase name="otp" time="15.825" classname="org.newproject.mavenpro.Nykaa_ownproject"/>
  <testcase name="address" time="10.14" classname="org.newproject.mavenpro.Nykaa_ownproject"/>
  <testcase name="screenshot" time="0.181" classname="org.newproject.mavenpro.Nykaa_ownproject"/>
  <testcase name="backToHome" time="0.03" classname="org.newproject.mavenpro.Nykaa_ownproject"/>
</testsuite> <!-- Default test -->
