<?xml version="1.0" encoding="UTF-8"?>
<!-- Generated by org.testng.reporters.JUnitXMLReporter -->
<testsuite hostname="DESKTOP-R51096T" ignored="0" name="Test" tests="11" failures="0" timestamp="2023-05-22T19:29:26 IST" time="50.068" errors="0">
  <testcase name="browserlaunch" time="3.555" classname="org.newproject.mavenpro.Nykaa_ownproject"/>
  <testcase name="Homepage" time="0.954" classname="org.newproject.mavenpro.Nykaa_ownproject"/>
  <testcase name="selectproduct" time="2.003" classname="org.newproject.mavenpro.Nykaa_ownproject"/>
  <testcase name="pincode" time="1.347" classname="org.newproject.mavenpro.Nykaa_ownproject"/>
  <testcase name="addToCart" time="0.064" classname="org.newproject.mavenpro.Nykaa_ownproject"/>
  <testcase name="cartpage" time="3.736" classname="org.newproject.mavenpro.Nykaa_ownproject"/>
  <testcase name="login" time="1.782" classname="org.newproject.mavenpro.Nykaa_ownproject"/>
  <testcase name="otp" time="31.017" classname="org.newproject.mavenpro.Nykaa_ownproject"/>
  <testcase name="address" time="5.322" classname="org.newproject.mavenpro.Nykaa_ownproject"/>
  <testcase name="screenshot" time="0.192" classname="org.newproject.mavenpro.Nykaa_ownproject"/>
  <testcase name="backToHome" time="0.027" classname="org.newproject.mavenpro.Nykaa_ownproject"/>
</testsuite> <!-- Test -->
